2023-05-15 15:38:13,581 [__main__] (MainProcess) INFO: Optimal results for Energy
2023-05-15 15:38:13,582 [__main__] (MainProcess) INFO: Solution 0:PEx=16, PEy=22, sp_banks=4, L2_size(kB)=128, L1_size(kB)=256, dma_buswidth=64, dma_maxbytes=64, dataflow=FIXED, dtype=int8
2023-05-15 15:38:13,582 [__main__] (MainProcess) INFO: Metrics: latency=81788664.2742303, throughput=52.848727283791945, power=13023.931165162185, energy=27846794001.679672, area=293475632.68872005
2023-05-15 15:38:13,582 [__main__] (MainProcess) INFO: Solution 1:PEx=16, PEy=22, sp_banks=4, L2_size(kB)=128, L1_size(kB)=256, dma_buswidth=64, dma_maxbytes=64, dataflow=FIXED, dtype=int8
2023-05-15 15:38:13,582 [__main__] (MainProcess) INFO: Metrics: latency=81788664.2742303, throughput=52.848727283791945, power=13023.931165162185, energy=27846794001.679672, area=293475632.68872005
2023-05-15 15:38:13,582 [__main__] (MainProcess) INFO: Solution 2:PEx=16, PEy=22, sp_banks=4, L2_size(kB)=128, L1_size(kB)=256, dma_buswidth=64, dma_maxbytes=64, dataflow=FIXED, dtype=int8
2023-05-15 15:38:13,582 [__main__] (MainProcess) INFO: Metrics: latency=81788664.2742303, throughput=52.848727283791945, power=13023.931165162185, energy=27846794001.679672, area=293475632.68872005
2023-05-15 15:38:13,582 [__main__] (MainProcess) INFO: Solution 3:PEx=16, PEy=22, sp_banks=4, L2_size(kB)=128, L1_size(kB)=256, dma_buswidth=64, dma_maxbytes=64, dataflow=FIXED, dtype=int8
2023-05-15 15:38:13,582 [__main__] (MainProcess) INFO: Metrics: latency=81788664.2742303, throughput=52.848727283791945, power=13023.931165162185, energy=27846794001.679672, area=293475632.68872005
2023-05-15 15:38:13,582 [__main__] (MainProcess) INFO: Solution 4:PEx=16, PEy=22, sp_banks=4, L2_size(kB)=128, L1_size(kB)=256, dma_buswidth=64, dma_maxbytes=64, dataflow=FIXED, dtype=int8
2023-05-15 15:38:13,582 [__main__] (MainProcess) INFO: Metrics: latency=81788664.2742303, throughput=52.848727283791945, power=13023.931165162185, energy=27846794001.679672, area=293475632.68872005
2023-05-15 15:38:13,582 [__main__] (MainProcess) INFO: Solution 5:PEx=16, PEy=22, sp_banks=4, L2_size(kB)=128, L1_size(kB)=256, dma_buswidth=64, dma_maxbytes=64, dataflow=FIXED, dtype=int8
2023-05-15 15:38:13,582 [__main__] (MainProcess) INFO: Metrics: latency=81788664.2742303, throughput=52.848727283791945, power=13023.931165162185, energy=27846794001.679672, area=293475632.68872005
2023-05-15 15:38:13,582 [__main__] (MainProcess) INFO: Solution 6:PEx=16, PEy=22, sp_banks=4, L2_size(kB)=128, L1_size(kB)=256, dma_buswidth=64, dma_maxbytes=64, dataflow=FIXED, dtype=int8
2023-05-15 15:38:13,582 [__main__] (MainProcess) INFO: Metrics: latency=81788664.2742303, throughput=52.848727283791945, power=13023.931165162185, energy=27846794001.679672, area=293475632.68872005
2023-05-15 15:38:13,582 [__main__] (MainProcess) INFO: Solution 7:PEx=16, PEy=22, sp_banks=4, L2_size(kB)=128, L1_size(kB)=256, dma_buswidth=64, dma_maxbytes=64, dataflow=FIXED, dtype=int8
2023-05-15 15:38:13,582 [__main__] (MainProcess) INFO: Metrics: latency=81788664.2742303, throughput=52.848727283791945, power=13023.931165162185, energy=27846794001.679672, area=293475632.68872005
2023-05-15 15:38:13,582 [__main__] (MainProcess) INFO: Solution 8:PEx=16, PEy=22, sp_banks=4, L2_size(kB)=128, L1_size(kB)=256, dma_buswidth=64, dma_maxbytes=64, dataflow=FIXED, dtype=int8
2023-05-15 15:38:13,582 [__main__] (MainProcess) INFO: Metrics: latency=81788664.2742303, throughput=52.848727283791945, power=13023.931165162185, energy=27846794001.679672, area=293475632.68872005
2023-05-15 15:38:13,582 [__main__] (MainProcess) INFO: Solution 9:PEx=16, PEy=22, sp_banks=4, L2_size(kB)=128, L1_size(kB)=256, dma_buswidth=64, dma_maxbytes=64, dataflow=FIXED, dtype=int8
2023-05-15 15:38:13,582 [__main__] (MainProcess) INFO: Metrics: latency=81788664.2742303, throughput=52.848727283791945, power=13023.931165162185, energy=27846794001.679672, area=293475632.68872005
2023-05-15 15:38:13,582 [__main__] (MainProcess) INFO: Solution 10:PEx=16, PEy=22, sp_banks=4, L2_size(kB)=128, L1_size(kB)=256, dma_buswidth=64, dma_maxbytes=64, dataflow=FIXED, dtype=int8
2023-05-15 15:38:13,582 [__main__] (MainProcess) INFO: Metrics: latency=81788664.2742303, throughput=52.848727283791945, power=13023.931165162185, energy=27846794001.679672, area=293475632.68872005
2023-05-15 15:38:13,583 [__main__] (MainProcess) INFO: Solution 11:PEx=16, PEy=22, sp_banks=4, L2_size(kB)=128, L1_size(kB)=256, dma_buswidth=64, dma_maxbytes=64, dataflow=FIXED, dtype=int8
2023-05-15 15:38:13,583 [__main__] (MainProcess) INFO: Metrics: latency=81788664.2742303, throughput=52.848727283791945, power=13023.931165162185, energy=27846794001.679672, area=293475632.68872005
2023-05-15 15:38:13,583 [__main__] (MainProcess) INFO: Solution 12:PEx=16, PEy=22, sp_banks=4, L2_size(kB)=128, L1_size(kB)=256, dma_buswidth=64, dma_maxbytes=64, dataflow=FIXED, dtype=int8
2023-05-15 15:38:13,583 [__main__] (MainProcess) INFO: Metrics: latency=81788664.2742303, throughput=52.848727283791945, power=13023.931165162185, energy=27846794001.679672, area=293475632.68872005
2023-05-15 15:38:13,583 [__main__] (MainProcess) INFO: Solution 13:PEx=16, PEy=22, sp_banks=4, L2_size(kB)=128, L1_size(kB)=256, dma_buswidth=64, dma_maxbytes=64, dataflow=FIXED, dtype=int8
2023-05-15 15:38:13,583 [__main__] (MainProcess) INFO: Metrics: latency=81788664.2742303, throughput=52.848727283791945, power=13023.931165162185, energy=27846794001.679672, area=293475632.68872005
2023-05-15 15:38:13,583 [__main__] (MainProcess) INFO: Solution 14:PEx=16, PEy=22, sp_banks=4, L2_size(kB)=128, L1_size(kB)=256, dma_buswidth=64, dma_maxbytes=64, dataflow=FIXED, dtype=int8
2023-05-15 15:38:13,583 [__main__] (MainProcess) INFO: Metrics: latency=81788664.2742303, throughput=52.848727283791945, power=13023.931165162185, energy=27846794001.679672, area=293475632.68872005
2023-05-15 15:38:13,583 [__main__] (MainProcess) INFO: Solution 15:PEx=16, PEy=22, sp_banks=4, L2_size(kB)=128, L1_size(kB)=256, dma_buswidth=64, dma_maxbytes=64, dataflow=FIXED, dtype=int8
2023-05-15 15:38:13,583 [__main__] (MainProcess) INFO: Metrics: latency=81788664.2742303, throughput=52.848727283791945, power=13023.931165162185, energy=27846794001.679672, area=293475632.68872005
2023-05-15 15:38:13,583 [__main__] (MainProcess) INFO: Solution 16:PEx=16, PEy=22, sp_banks=4, L2_size(kB)=128, L1_size(kB)=256, dma_buswidth=64, dma_maxbytes=64, dataflow=FIXED, dtype=int8
2023-05-15 15:38:13,583 [__main__] (MainProcess) INFO: Metrics: latency=81788664.2742303, throughput=52.848727283791945, power=13023.931165162185, energy=27846794001.679672, area=293475632.68872005
2023-05-15 15:38:13,583 [__main__] (MainProcess) INFO: Solution 17:PEx=16, PEy=22, sp_banks=4, L2_size(kB)=128, L1_size(kB)=256, dma_buswidth=64, dma_maxbytes=64, dataflow=FIXED, dtype=int8
2023-05-15 15:38:13,583 [__main__] (MainProcess) INFO: Metrics: latency=81788664.2742303, throughput=52.848727283791945, power=13023.931165162185, energy=27846794001.679672, area=293475632.68872005
2023-05-15 15:38:13,583 [__main__] (MainProcess) INFO: Solution 18:PEx=16, PEy=22, sp_banks=4, L2_size(kB)=128, L1_size(kB)=256, dma_buswidth=64, dma_maxbytes=64, dataflow=FIXED, dtype=int8
2023-05-15 15:38:13,583 [__main__] (MainProcess) INFO: Metrics: latency=81788664.2742303, throughput=52.848727283791945, power=13023.931165162185, energy=27846794001.679672, area=293475632.68872005
2023-05-15 15:38:13,583 [__main__] (MainProcess) INFO: Solution 19:PEx=28, PEy=32, sp_banks=7, L2_size(kB)=1024, L1_size(kB)=256, dma_buswidth=256, dma_maxbytes=64, dataflow=FIXED, dtype=int8
2023-05-15 15:38:13,583 [__main__] (MainProcess) INFO: Metrics: latency=49186117.42638195, throughput=88.48835693909858, power=68117.53613700817, energy=27781219231.400368, area=1734009720.308474
2023-05-15 15:38:13,584 [__main__] (MainProcess) INFO: Max 2.785e+10 (PEx=16, PEy=22, sp_banks=4, L2_size(kB)=128, L1_size(kB)=256, dma_buswidth=64, dma_maxbytes=64, dataflow=FIXED, dtype=int8): latency=81788664.2742303, throughput=52.848727283791945, power=13023.931165162185, energy=27846794001.679672, area=293475632.68872005
2023-05-15 15:38:13,584 [__main__] (MainProcess) INFO: Min 2.778e+10 (PEx=28, PEy=32, sp_banks=7, L2_size(kB)=1024, L1_size(kB)=256, dma_buswidth=256, dma_maxbytes=64, dataflow=FIXED, dtype=int8): latency=49186117.42638195, throughput=88.48835693909858, power=68117.53613700817, energy=27781219231.400368, area=1734009720.308474
2023-05-15 15:38:13,584 [__main__] (MainProcess) INFO: *--------------------------------------------------*
2023-05-15 15:38:13,584 [__main__] (MainProcess) INFO: Optimal results for Latency
2023-05-15 15:38:13,584 [__main__] (MainProcess) INFO: Solution 0:PEx=26, PEy=26, sp_banks=8, L2_size(kB)=512, L1_size(kB)=512, dma_buswidth=128, dma_maxbytes=256, dataflow=FIXED, dtype=int8
2023-05-15 15:38:13,584 [__main__] (MainProcess) INFO: Metrics: latency=41547814.6113421, throughput=103.71579466811295, power=40816.490132453924, energy=28439993930.54214, area=1043317319.703212
2023-05-15 15:38:13,584 [__main__] (MainProcess) INFO: Solution 1:PEx=26, PEy=26, sp_banks=8, L2_size(kB)=512, L1_size(kB)=512, dma_buswidth=128, dma_maxbytes=256, dataflow=FIXED, dtype=int8
2023-05-15 15:38:13,584 [__main__] (MainProcess) INFO: Metrics: latency=41547814.6113421, throughput=103.71579466811295, power=40816.490132453924, energy=28439993930.54214, area=1043317319.703212
2023-05-15 15:38:13,584 [__main__] (MainProcess) INFO: Solution 2:PEx=26, PEy=26, sp_banks=8, L2_size(kB)=512, L1_size(kB)=512, dma_buswidth=128, dma_maxbytes=256, dataflow=FIXED, dtype=int8
2023-05-15 15:38:13,584 [__main__] (MainProcess) INFO: Metrics: latency=41547814.6113421, throughput=103.71579466811295, power=40816.490132453924, energy=28439993930.54214, area=1043317319.703212
2023-05-15 15:38:13,584 [__main__] (MainProcess) INFO: Solution 3:PEx=26, PEy=26, sp_banks=8, L2_size(kB)=512, L1_size(kB)=512, dma_buswidth=128, dma_maxbytes=256, dataflow=FIXED, dtype=int8
2023-05-15 15:38:13,584 [__main__] (MainProcess) INFO: Metrics: latency=41547814.6113421, throughput=103.71579466811295, power=40816.490132453924, energy=28439993930.54214, area=1043317319.703212
2023-05-15 15:38:13,584 [__main__] (MainProcess) INFO: Solution 4:PEx=26, PEy=26, sp_banks=8, L2_size(kB)=512, L1_size(kB)=512, dma_buswidth=128, dma_maxbytes=256, dataflow=FIXED, dtype=int8
2023-05-15 15:38:13,584 [__main__] (MainProcess) INFO: Metrics: latency=41547814.6113421, throughput=103.71579466811295, power=40816.490132453924, energy=28439993930.54214, area=1043317319.703212
2023-05-15 15:38:13,584 [__main__] (MainProcess) INFO: Solution 5:PEx=26, PEy=26, sp_banks=8, L2_size(kB)=512, L1_size(kB)=512, dma_buswidth=128, dma_maxbytes=256, dataflow=FIXED, dtype=int8
2023-05-15 15:38:13,584 [__main__] (MainProcess) INFO: Metrics: latency=41547814.6113421, throughput=103.71579466811295, power=40816.490132453924, energy=28439993930.54214, area=1043317319.703212
2023-05-15 15:38:13,584 [__main__] (MainProcess) INFO: Solution 6:PEx=26, PEy=26, sp_banks=8, L2_size(kB)=512, L1_size(kB)=512, dma_buswidth=128, dma_maxbytes=256, dataflow=FIXED, dtype=int8
2023-05-15 15:38:13,584 [__main__] (MainProcess) INFO: Metrics: latency=41547814.6113421, throughput=103.71579466811295, power=40816.490132453924, energy=28439993930.54214, area=1043317319.703212
2023-05-15 15:38:13,584 [__main__] (MainProcess) INFO: Solution 7:PEx=26, PEy=26, sp_banks=8, L2_size(kB)=512, L1_size(kB)=512, dma_buswidth=128, dma_maxbytes=256, dataflow=FIXED, dtype=int8
2023-05-15 15:38:13,584 [__main__] (MainProcess) INFO: Metrics: latency=41547814.6113421, throughput=103.71579466811295, power=40816.490132453924, energy=28439993930.54214, area=1043317319.703212
2023-05-15 15:38:13,584 [__main__] (MainProcess) INFO: Solution 8:PEx=26, PEy=26, sp_banks=8, L2_size(kB)=512, L1_size(kB)=512, dma_buswidth=128, dma_maxbytes=256, dataflow=FIXED, dtype=int8
2023-05-15 15:38:13,584 [__main__] (MainProcess) INFO: Metrics: latency=41547814.6113421, throughput=103.71579466811295, power=40816.490132453924, energy=28439993930.54214, area=1043317319.703212
2023-05-15 15:38:13,584 [__main__] (MainProcess) INFO: Solution 9:PEx=26, PEy=26, sp_banks=8, L2_size(kB)=512, L1_size(kB)=512, dma_buswidth=128, dma_maxbytes=256, dataflow=FIXED, dtype=int8
2023-05-15 15:38:13,584 [__main__] (MainProcess) INFO: Metrics: latency=41547814.6113421, throughput=103.71579466811295, power=40816.490132453924, energy=28439993930.54214, area=1043317319.703212
2023-05-15 15:38:13,584 [__main__] (MainProcess) INFO: Solution 10:PEx=26, PEy=26, sp_banks=8, L2_size(kB)=512, L1_size(kB)=512, dma_buswidth=128, dma_maxbytes=256, dataflow=FIXED, dtype=int8
2023-05-15 15:38:13,584 [__main__] (MainProcess) INFO: Metrics: latency=41547814.6113421, throughput=103.71579466811295, power=40816.490132453924, energy=28439993930.54214, area=1043317319.703212
2023-05-15 15:38:13,584 [__main__] (MainProcess) INFO: Solution 11:PEx=26, PEy=26, sp_banks=8, L2_size(kB)=512, L1_size(kB)=512, dma_buswidth=128, dma_maxbytes=256, dataflow=FIXED, dtype=int8
2023-05-15 15:38:13,584 [__main__] (MainProcess) INFO: Metrics: latency=41547814.6113421, throughput=103.71579466811295, power=40816.490132453924, energy=28439993930.54214, area=1043317319.703212
2023-05-15 15:38:13,584 [__main__] (MainProcess) INFO: Solution 12:PEx=26, PEy=26, sp_banks=8, L2_size(kB)=512, L1_size(kB)=512, dma_buswidth=128, dma_maxbytes=256, dataflow=FIXED, dtype=int8
2023-05-15 15:38:13,584 [__main__] (MainProcess) INFO: Metrics: latency=41547814.6113421, throughput=103.71579466811295, power=40816.490132453924, energy=28439993930.54214, area=1043317319.703212
2023-05-15 15:38:13,585 [__main__] (MainProcess) INFO: Solution 13:PEx=26, PEy=26, sp_banks=8, L2_size(kB)=512, L1_size(kB)=512, dma_buswidth=128, dma_maxbytes=256, dataflow=FIXED, dtype=int8
2023-05-15 15:38:13,585 [__main__] (MainProcess) INFO: Metrics: latency=41547814.6113421, throughput=103.71579466811295, power=40816.490132453924, energy=28439993930.54214, area=1043317319.703212
2023-05-15 15:38:13,585 [__main__] (MainProcess) INFO: Solution 14:PEx=26, PEy=26, sp_banks=8, L2_size(kB)=512, L1_size(kB)=512, dma_buswidth=128, dma_maxbytes=256, dataflow=FIXED, dtype=int8
2023-05-15 15:38:13,585 [__main__] (MainProcess) INFO: Metrics: latency=41547814.6113421, throughput=103.71579466811295, power=40816.490132453924, energy=28439993930.54214, area=1043317319.703212
2023-05-15 15:38:13,585 [__main__] (MainProcess) INFO: Solution 15:PEx=26, PEy=26, sp_banks=8, L2_size(kB)=512, L1_size(kB)=512, dma_buswidth=128, dma_maxbytes=256, dataflow=FIXED, dtype=int8
2023-05-15 15:38:13,585 [__main__] (MainProcess) INFO: Metrics: latency=41547814.6113421, throughput=103.71579466811295, power=40816.490132453924, energy=28439993930.54214, area=1043317319.703212
2023-05-15 15:38:13,585 [__main__] (MainProcess) INFO: Solution 16:PEx=26, PEy=26, sp_banks=8, L2_size(kB)=512, L1_size(kB)=512, dma_buswidth=128, dma_maxbytes=256, dataflow=FIXED, dtype=int8
2023-05-15 15:38:13,585 [__main__] (MainProcess) INFO: Metrics: latency=41547814.6113421, throughput=103.71579466811295, power=40816.490132453924, energy=28439993930.54214, area=1043317319.703212
2023-05-15 15:38:13,585 [__main__] (MainProcess) INFO: Solution 17:PEx=26, PEy=26, sp_banks=8, L2_size(kB)=512, L1_size(kB)=512, dma_buswidth=128, dma_maxbytes=256, dataflow=FIXED, dtype=int8
2023-05-15 15:38:13,585 [__main__] (MainProcess) INFO: Metrics: latency=41547814.6113421, throughput=103.71579466811295, power=40816.490132453924, energy=28439993930.54214, area=1043317319.703212
2023-05-15 15:38:13,585 [__main__] (MainProcess) INFO: Solution 18:PEx=26, PEy=26, sp_banks=8, L2_size(kB)=512, L1_size(kB)=512, dma_buswidth=128, dma_maxbytes=256, dataflow=FIXED, dtype=int8
2023-05-15 15:38:13,585 [__main__] (MainProcess) INFO: Metrics: latency=41547814.6113421, throughput=103.71579466811295, power=40816.490132453924, energy=28439993930.54214, area=1043317319.703212
2023-05-15 15:38:13,585 [__main__] (MainProcess) INFO: Solution 19:PEx=26, PEy=26, sp_banks=8, L2_size(kB)=512, L1_size(kB)=512, dma_buswidth=128, dma_maxbytes=256, dataflow=FIXED, dtype=int8
2023-05-15 15:38:13,585 [__main__] (MainProcess) INFO: Metrics: latency=41547814.6113421, throughput=103.71579466811295, power=40816.490132453924, energy=28439993930.54214, area=1043317319.703212
2023-05-15 15:38:13,585 [__main__] (MainProcess) INFO: Max 4.155e+07 (PEx=26, PEy=26, sp_banks=8, L2_size(kB)=512, L1_size(kB)=512, dma_buswidth=128, dma_maxbytes=256, dataflow=FIXED, dtype=int8): latency=41547814.6113421, throughput=103.71579466811295, power=40816.490132453924, energy=28439993930.54214, area=1043317319.703212
2023-05-15 15:38:13,585 [__main__] (MainProcess) INFO: Min 4.155e+07 (PEx=26, PEy=26, sp_banks=8, L2_size(kB)=512, L1_size(kB)=512, dma_buswidth=128, dma_maxbytes=256, dataflow=FIXED, dtype=int8): latency=41547814.6113421, throughput=103.71579466811295, power=40816.490132453924, energy=28439993930.54214, area=1043317319.703212
2023-05-15 15:38:13,585 [__main__] (MainProcess) INFO: *--------------------------------------------------*
