2023-05-16 17:06:52,893 [__main__] (MainProcess) INFO: Optimal results for Energy
2023-05-16 17:06:52,893 [__main__] (MainProcess) INFO: Solution 0:PEx=2, PEy=16, sp_banks=128, L2_size(kB)=64, L1_size(kB)=OS, dma_buswidth=128, dma_maxbytes=128, dataflow=int8
2023-05-16 17:06:52,893 [__main__] (MainProcess) INFO: Metrics: latency=1099281.2646405206, throughput=55.55152879067778, power=3679.328264661928, energy=849147270.6744869, area=129230940.18231909
2023-05-16 17:06:52,893 [__main__] (MainProcess) INFO: Solution 1:PEx=2, PEy=16, sp_banks=128, L2_size(kB)=64, L1_size(kB)=OS, dma_buswidth=128, dma_maxbytes=128, dataflow=int8
2023-05-16 17:06:52,893 [__main__] (MainProcess) INFO: Metrics: latency=1099281.2646405206, throughput=55.55152879067778, power=3679.328264661928, energy=849147270.6744869, area=129230940.18231909
2023-05-16 17:06:52,893 [__main__] (MainProcess) INFO: Solution 2:PEx=2, PEy=16, sp_banks=128, L2_size(kB)=64, L1_size(kB)=OS, dma_buswidth=128, dma_maxbytes=128, dataflow=int8
2023-05-16 17:06:52,893 [__main__] (MainProcess) INFO: Metrics: latency=1099281.2646405206, throughput=55.55152879067778, power=3679.328264661928, energy=849147270.6744869, area=129230940.18231909
2023-05-16 17:06:52,893 [__main__] (MainProcess) INFO: Solution 3:PEx=2, PEy=16, sp_banks=128, L2_size(kB)=64, L1_size(kB)=OS, dma_buswidth=128, dma_maxbytes=128, dataflow=int8
2023-05-16 17:06:52,894 [__main__] (MainProcess) INFO: Metrics: latency=1099281.2646405206, throughput=55.55152879067778, power=3679.328264661928, energy=849147270.6744869, area=129230940.18231909
2023-05-16 17:06:52,894 [__main__] (MainProcess) INFO: Solution 4:PEx=2, PEy=16, sp_banks=128, L2_size(kB)=64, L1_size(kB)=OS, dma_buswidth=128, dma_maxbytes=128, dataflow=int8
2023-05-16 17:06:52,894 [__main__] (MainProcess) INFO: Metrics: latency=1099281.2646405206, throughput=55.55152879067778, power=3679.328264661928, energy=849147270.6744869, area=129230940.18231909
2023-05-16 17:06:52,894 [__main__] (MainProcess) INFO: Solution 5:PEx=2, PEy=16, sp_banks=512, L2_size(kB)=256, L1_size(kB)=WS, dma_buswidth=128, dma_maxbytes=64, dataflow=int8
2023-05-16 17:06:52,894 [__main__] (MainProcess) INFO: Metrics: latency=761792.382399401, throughput=59.72163203923354, power=3543.196522537207, energy=847080710.5032147, area=68906559.39565556
2023-05-16 17:06:52,894 [__main__] (MainProcess) INFO: Solution 6:PEx=2, PEy=16, sp_banks=512, L2_size(kB)=256, L1_size(kB)=WS, dma_buswidth=128, dma_maxbytes=64, dataflow=int8
2023-05-16 17:06:52,894 [__main__] (MainProcess) INFO: Metrics: latency=761792.382399401, throughput=59.72163203923354, power=3543.196522537207, energy=847080710.5032147, area=68906559.39565556
2023-05-16 17:06:52,894 [__main__] (MainProcess) INFO: Solution 7:PEx=2, PEy=16, sp_banks=512, L2_size(kB)=256, L1_size(kB)=WS, dma_buswidth=128, dma_maxbytes=64, dataflow=int8
2023-05-16 17:06:52,894 [__main__] (MainProcess) INFO: Metrics: latency=761792.382399401, throughput=59.72163203923354, power=3543.196522537207, energy=847080710.5032147, area=68906559.39565556
2023-05-16 17:06:52,894 [__main__] (MainProcess) INFO: Solution 8:PEx=2, PEy=16, sp_banks=512, L2_size(kB)=256, L1_size(kB)=WS, dma_buswidth=128, dma_maxbytes=64, dataflow=int8
2023-05-16 17:06:52,894 [__main__] (MainProcess) INFO: Metrics: latency=761792.382399401, throughput=59.72163203923354, power=3543.196522537207, energy=847080710.5032147, area=68906559.39565556
2023-05-16 17:06:52,894 [__main__] (MainProcess) INFO: Solution 9:PEx=2, PEy=16, sp_banks=512, L2_size(kB)=256, L1_size(kB)=WS, dma_buswidth=128, dma_maxbytes=64, dataflow=int8
2023-05-16 17:06:52,894 [__main__] (MainProcess) INFO: Metrics: latency=761792.382399401, throughput=59.72163203923354, power=3543.196522537207, energy=847080710.5032147, area=68906559.39565556
2023-05-16 17:06:52,894 [__main__] (MainProcess) INFO: Solution 10:PEx=2, PEy=16, sp_banks=512, L2_size(kB)=256, L1_size(kB)=WS, dma_buswidth=128, dma_maxbytes=64, dataflow=int8
2023-05-16 17:06:52,894 [__main__] (MainProcess) INFO: Metrics: latency=761792.382399401, throughput=59.72163203923354, power=3543.196522537207, energy=847080710.5032147, area=68906559.39565556
2023-05-16 17:06:52,894 [__main__] (MainProcess) INFO: Solution 11:PEx=2, PEy=16, sp_banks=512, L2_size(kB)=256, L1_size(kB)=WS, dma_buswidth=128, dma_maxbytes=64, dataflow=int8
2023-05-16 17:06:52,894 [__main__] (MainProcess) INFO: Metrics: latency=761792.382399401, throughput=59.72163203923354, power=3543.196522537207, energy=847080710.5032147, area=68906559.39565556
2023-05-16 17:06:52,894 [__main__] (MainProcess) INFO: Solution 12:PEx=2, PEy=16, sp_banks=512, L2_size(kB)=256, L1_size(kB)=WS, dma_buswidth=128, dma_maxbytes=64, dataflow=int8
2023-05-16 17:06:52,894 [__main__] (MainProcess) INFO: Metrics: latency=761792.382399401, throughput=59.72163203923354, power=3543.196522537207, energy=847080710.5032147, area=68906559.39565556
2023-05-16 17:06:52,894 [__main__] (MainProcess) INFO: Solution 13:PEx=2, PEy=16, sp_banks=512, L2_size(kB)=256, L1_size(kB)=WS, dma_buswidth=128, dma_maxbytes=64, dataflow=int8
2023-05-16 17:06:52,894 [__main__] (MainProcess) INFO: Metrics: latency=761792.382399401, throughput=59.72163203923354, power=3543.196522537207, energy=847080710.5032147, area=68906559.39565556
2023-05-16 17:06:52,894 [__main__] (MainProcess) INFO: Solution 14:PEx=1, PEy=16, sp_banks=512, L2_size(kB)=128, L1_size(kB)=OS, dma_buswidth=128, dma_maxbytes=64, dataflow=int8
2023-05-16 17:06:52,894 [__main__] (MainProcess) INFO: Metrics: latency=1547795.719240196, throughput=37.85017438108325, power=3709.9468488165526, energy=742226954.2348248, area=120915133.82263847
2023-05-16 17:06:52,894 [__main__] (MainProcess) INFO: Solution 15:PEx=1, PEy=16, sp_banks=512, L2_size(kB)=128, L1_size(kB)=OS, dma_buswidth=128, dma_maxbytes=64, dataflow=int8
2023-05-16 17:06:52,894 [__main__] (MainProcess) INFO: Metrics: latency=1547795.719240196, throughput=37.85017438108325, power=3709.9468488165526, energy=742226954.2348248, area=120915133.82263847
2023-05-16 17:06:52,894 [__main__] (MainProcess) INFO: Solution 16:PEx=1, PEy=16, sp_banks=512, L2_size(kB)=128, L1_size(kB)=OS, dma_buswidth=128, dma_maxbytes=64, dataflow=int8
2023-05-16 17:06:52,895 [__main__] (MainProcess) INFO: Metrics: latency=1547795.719240196, throughput=37.85017438108325, power=3709.9468488165526, energy=742226954.2348248, area=120915133.82263847
2023-05-16 17:06:52,895 [__main__] (MainProcess) INFO: Solution 17:PEx=1, PEy=16, sp_banks=512, L2_size(kB)=128, L1_size(kB)=OS, dma_buswidth=128, dma_maxbytes=64, dataflow=int8
2023-05-16 17:06:52,895 [__main__] (MainProcess) INFO: Metrics: latency=1547795.719240196, throughput=37.85017438108325, power=3709.9468488165526, energy=742226954.2348248, area=120915133.82263847
2023-05-16 17:06:52,895 [__main__] (MainProcess) INFO: Solution 18:PEx=1, PEy=16, sp_banks=512, L2_size(kB)=128, L1_size(kB)=OS, dma_buswidth=128, dma_maxbytes=64, dataflow=int8
2023-05-16 17:06:52,895 [__main__] (MainProcess) INFO: Metrics: latency=1547795.719240196, throughput=37.85017438108325, power=3709.9468488165526, energy=742226954.2348248, area=120915133.82263847
2023-05-16 17:06:52,895 [__main__] (MainProcess) INFO: Solution 19:PEx=1, PEy=16, sp_banks=512, L2_size(kB)=128, L1_size(kB)=OS, dma_buswidth=128, dma_maxbytes=64, dataflow=int8
2023-05-16 17:06:52,895 [__main__] (MainProcess) INFO: Metrics: latency=1547795.719240196, throughput=37.85017438108325, power=3709.9468488165526, energy=742226954.2348248, area=120915133.82263847
2023-05-16 17:06:52,895 [__main__] (MainProcess) INFO: Max 8.491e+08 (PEx=2, PEy=16, sp_banks=128, L2_size(kB)=64, L1_size(kB)=OS, dma_buswidth=128, dma_maxbytes=128, dataflow=int8): latency=1099281.2646405206, throughput=55.55152879067778, power=3679.328264661928, energy=849147270.6744869, area=129230940.18231909
2023-05-16 17:06:52,895 [__main__] (MainProcess) INFO: Min 7.422e+08 (PEx=1, PEy=16, sp_banks=512, L2_size(kB)=128, L1_size(kB)=OS, dma_buswidth=128, dma_maxbytes=64, dataflow=int8): latency=1547795.719240196, throughput=37.85017438108325, power=3709.9468488165526, energy=742226954.2348248, area=120915133.82263847
2023-05-16 17:06:52,895 [__main__] (MainProcess) INFO: *--------------------------------------------------*
2023-05-16 17:06:52,895 [__main__] (MainProcess) INFO: Optimal results for Area
2023-05-16 17:06:52,895 [__main__] (MainProcess) INFO: Solution 0:PEx=5, PEy=8, sp_banks=256, L2_size(kB)=128, L1_size(kB)=WS, dma_buswidth=64, dma_maxbytes=64, dataflow=int8
2023-05-16 17:06:52,895 [__main__] (MainProcess) INFO: Metrics: latency=664874.0482897712, throughput=126.76472600521198, power=838.4698061253183, energy=1480807253.6970751, area=13742021.171900531
2023-05-16 17:06:52,895 [__main__] (MainProcess) INFO: Solution 1:PEx=5, PEy=8, sp_banks=256, L2_size(kB)=128, L1_size(kB)=WS, dma_buswidth=64, dma_maxbytes=64, dataflow=int8
2023-05-16 17:06:52,895 [__main__] (MainProcess) INFO: Metrics: latency=664874.0482897712, throughput=126.76472600521198, power=838.4698061253183, energy=1480807253.6970751, area=13742021.171900531
2023-05-16 17:06:52,895 [__main__] (MainProcess) INFO: Solution 2:PEx=5, PEy=8, sp_banks=256, L2_size(kB)=128, L1_size(kB)=WS, dma_buswidth=64, dma_maxbytes=64, dataflow=int8
2023-05-16 17:06:52,895 [__main__] (MainProcess) INFO: Metrics: latency=664874.0482897712, throughput=126.76472600521198, power=838.4698061253183, energy=1480807253.6970751, area=13742021.171900531
2023-05-16 17:06:52,895 [__main__] (MainProcess) INFO: Solution 3:PEx=5, PEy=8, sp_banks=256, L2_size(kB)=128, L1_size(kB)=WS, dma_buswidth=64, dma_maxbytes=64, dataflow=int8
2023-05-16 17:06:52,895 [__main__] (MainProcess) INFO: Metrics: latency=664874.0482897712, throughput=126.76472600521198, power=838.4698061253183, energy=1480807253.6970751, area=13742021.171900531
2023-05-16 17:06:52,895 [__main__] (MainProcess) INFO: Solution 4:PEx=5, PEy=8, sp_banks=256, L2_size(kB)=128, L1_size(kB)=WS, dma_buswidth=64, dma_maxbytes=64, dataflow=int8
2023-05-16 17:06:52,895 [__main__] (MainProcess) INFO: Metrics: latency=664874.0482897712, throughput=126.76472600521198, power=838.4698061253183, energy=1480807253.6970751, area=13742021.171900531
2023-05-16 17:06:52,895 [__main__] (MainProcess) INFO: Solution 5:PEx=5, PEy=8, sp_banks=256, L2_size(kB)=128, L1_size(kB)=WS, dma_buswidth=64, dma_maxbytes=64, dataflow=int8
2023-05-16 17:06:52,895 [__main__] (MainProcess) INFO: Metrics: latency=664874.0482897712, throughput=126.76472600521198, power=838.4698061253183, energy=1480807253.6970751, area=13742021.171900531
2023-05-16 17:06:52,895 [__main__] (MainProcess) INFO: Solution 6:PEx=5, PEy=8, sp_banks=256, L2_size(kB)=128, L1_size(kB)=WS, dma_buswidth=64, dma_maxbytes=64, dataflow=int8
2023-05-16 17:06:52,895 [__main__] (MainProcess) INFO: Metrics: latency=664874.0482897712, throughput=126.76472600521198, power=838.4698061253183, energy=1480807253.6970751, area=13742021.171900531
2023-05-16 17:06:52,896 [__main__] (MainProcess) INFO: Solution 7:PEx=5, PEy=8, sp_banks=256, L2_size(kB)=128, L1_size(kB)=WS, dma_buswidth=64, dma_maxbytes=64, dataflow=int8
2023-05-16 17:06:52,896 [__main__] (MainProcess) INFO: Metrics: latency=664874.0482897712, throughput=126.76472600521198, power=838.4698061253183, energy=1480807253.6970751, area=13742021.171900531
2023-05-16 17:06:52,896 [__main__] (MainProcess) INFO: Solution 8:PEx=5, PEy=8, sp_banks=256, L2_size(kB)=128, L1_size(kB)=WS, dma_buswidth=64, dma_maxbytes=64, dataflow=int8
2023-05-16 17:06:52,896 [__main__] (MainProcess) INFO: Metrics: latency=664874.0482897712, throughput=126.76472600521198, power=838.4698061253183, energy=1480807253.6970751, area=13742021.171900531
2023-05-16 17:06:52,896 [__main__] (MainProcess) INFO: Solution 9:PEx=5, PEy=8, sp_banks=256, L2_size(kB)=128, L1_size(kB)=WS, dma_buswidth=64, dma_maxbytes=64, dataflow=int8
2023-05-16 17:06:52,896 [__main__] (MainProcess) INFO: Metrics: latency=664874.0482897712, throughput=126.76472600521198, power=838.4698061253183, energy=1480807253.6970751, area=13742021.171900531
2023-05-16 17:06:52,896 [__main__] (MainProcess) INFO: Solution 10:PEx=5, PEy=8, sp_banks=256, L2_size(kB)=128, L1_size(kB)=WS, dma_buswidth=64, dma_maxbytes=64, dataflow=int8
2023-05-16 17:06:52,896 [__main__] (MainProcess) INFO: Metrics: latency=664874.0482897712, throughput=126.76472600521198, power=838.4698061253183, energy=1480807253.6970751, area=13742021.171900531
2023-05-16 17:06:52,896 [__main__] (MainProcess) INFO: Solution 11:PEx=5, PEy=8, sp_banks=256, L2_size(kB)=128, L1_size(kB)=WS, dma_buswidth=64, dma_maxbytes=64, dataflow=int8
2023-05-16 17:06:52,896 [__main__] (MainProcess) INFO: Metrics: latency=664874.0482897712, throughput=126.76472600521198, power=838.4698061253183, energy=1480807253.6970751, area=13742021.171900531
2023-05-16 17:06:52,896 [__main__] (MainProcess) INFO: Solution 12:PEx=5, PEy=8, sp_banks=256, L2_size(kB)=128, L1_size(kB)=WS, dma_buswidth=64, dma_maxbytes=64, dataflow=int8
2023-05-16 17:06:52,896 [__main__] (MainProcess) INFO: Metrics: latency=664874.0482897712, throughput=126.76472600521198, power=838.4698061253183, energy=1480807253.6970751, area=13742021.171900531
2023-05-16 17:06:52,896 [__main__] (MainProcess) INFO: Solution 13:PEx=5, PEy=8, sp_banks=256, L2_size(kB)=128, L1_size(kB)=WS, dma_buswidth=64, dma_maxbytes=64, dataflow=int8
2023-05-16 17:06:52,896 [__main__] (MainProcess) INFO: Metrics: latency=664874.0482897712, throughput=126.76472600521198, power=838.4698061253183, energy=1480807253.6970751, area=13742021.171900531
2023-05-16 17:06:52,896 [__main__] (MainProcess) INFO: Solution 14:PEx=5, PEy=8, sp_banks=256, L2_size(kB)=128, L1_size(kB)=WS, dma_buswidth=64, dma_maxbytes=64, dataflow=int8
2023-05-16 17:06:52,896 [__main__] (MainProcess) INFO: Metrics: latency=664874.0482897712, throughput=126.76472600521198, power=838.4698061253183, energy=1480807253.6970751, area=13742021.171900531
2023-05-16 17:06:52,896 [__main__] (MainProcess) INFO: Solution 15:PEx=5, PEy=8, sp_banks=256, L2_size(kB)=128, L1_size(kB)=WS, dma_buswidth=64, dma_maxbytes=64, dataflow=int8
2023-05-16 17:06:52,896 [__main__] (MainProcess) INFO: Metrics: latency=664874.0482897712, throughput=126.76472600521198, power=838.4698061253183, energy=1480807253.6970751, area=13742021.171900531
2023-05-16 17:06:52,896 [__main__] (MainProcess) INFO: Solution 16:PEx=5, PEy=8, sp_banks=256, L2_size(kB)=128, L1_size(kB)=WS, dma_buswidth=64, dma_maxbytes=64, dataflow=int8
2023-05-16 17:06:52,896 [__main__] (MainProcess) INFO: Metrics: latency=664874.0482897712, throughput=126.76472600521198, power=838.4698061253183, energy=1480807253.6970751, area=13742021.171900531
2023-05-16 17:06:52,896 [__main__] (MainProcess) INFO: Solution 17:PEx=5, PEy=8, sp_banks=256, L2_size(kB)=128, L1_size(kB)=WS, dma_buswidth=64, dma_maxbytes=64, dataflow=int8
2023-05-16 17:06:52,896 [__main__] (MainProcess) INFO: Metrics: latency=664874.0482897712, throughput=126.76472600521198, power=838.4698061253183, energy=1480807253.6970751, area=13742021.171900531
2023-05-16 17:06:52,896 [__main__] (MainProcess) INFO: Solution 18:PEx=5, PEy=8, sp_banks=256, L2_size(kB)=128, L1_size(kB)=WS, dma_buswidth=64, dma_maxbytes=64, dataflow=int8
2023-05-16 17:06:52,896 [__main__] (MainProcess) INFO: Metrics: latency=664874.0482897712, throughput=126.76472600521198, power=838.4698061253183, energy=1480807253.6970751, area=13742021.171900531
2023-05-16 17:06:52,896 [__main__] (MainProcess) INFO: Solution 19:PEx=5, PEy=8, sp_banks=256, L2_size(kB)=128, L1_size(kB)=WS, dma_buswidth=64, dma_maxbytes=64, dataflow=int8
2023-05-16 17:06:52,896 [__main__] (MainProcess) INFO: Metrics: latency=664874.0482897712, throughput=126.76472600521198, power=838.4698061253183, energy=1480807253.6970751, area=13742021.171900531
2023-05-16 17:06:52,897 [__main__] (MainProcess) INFO: Max 1.374e+07 (PEx=5, PEy=8, sp_banks=256, L2_size(kB)=128, L1_size(kB)=WS, dma_buswidth=64, dma_maxbytes=64, dataflow=int8): latency=664874.0482897712, throughput=126.76472600521198, power=838.4698061253183, energy=1480807253.6970751, area=13742021.171900531
2023-05-16 17:06:52,897 [__main__] (MainProcess) INFO: Min 1.374e+07 (PEx=5, PEy=8, sp_banks=256, L2_size(kB)=128, L1_size(kB)=WS, dma_buswidth=64, dma_maxbytes=64, dataflow=int8): latency=664874.0482897712, throughput=126.76472600521198, power=838.4698061253183, energy=1480807253.6970751, area=13742021.171900531
2023-05-16 17:06:52,897 [__main__] (MainProcess) INFO: *--------------------------------------------------*
