2023-05-08 09:50:40,539 [__main__] (MainProcess) INFO: Optimal results for Energy
2023-05-08 09:50:40,539 [__main__] (MainProcess) INFO: x=20Energy=2.796e+10: , y=28Energy=2.796e+10: , sp_banks=6Energy=2.796e+10: , sp_capacity=256Energy=2.796e+10: , local_capacity=256Energy=2.796e+10: , dma_buswidth=128Energy=2.796e+10: , dma_maxbytes=64Energy=2.796e+10: , dataflow=FIXEDEnergy=2.796e+10: , dtype=int8
2023-05-08 09:50:40,539 [__main__] (MainProcess) INFO: x=18Energy=2.795e+10: , y=17Energy=2.795e+10: , sp_banks=5Energy=2.795e+10: , sp_capacity=256Energy=2.795e+10: , local_capacity=128Energy=2.795e+10: , dma_buswidth=128Energy=2.795e+10: , dma_maxbytes=256Energy=2.795e+10: , dataflow=FIXEDEnergy=2.795e+10: , dtype=int8
2023-05-08 09:50:40,539 [__main__] (MainProcess) INFO: x=18Energy=2.795e+10: , y=17Energy=2.795e+10: , sp_banks=5Energy=2.795e+10: , sp_capacity=256Energy=2.795e+10: , local_capacity=128Energy=2.795e+10: , dma_buswidth=128Energy=2.795e+10: , dma_maxbytes=256Energy=2.795e+10: , dataflow=FIXEDEnergy=2.795e+10: , dtype=int8
2023-05-08 09:50:40,539 [__main__] (MainProcess) INFO: x=18Energy=2.795e+10: , y=17Energy=2.795e+10: , sp_banks=5Energy=2.795e+10: , sp_capacity=256Energy=2.795e+10: , local_capacity=128Energy=2.795e+10: , dma_buswidth=128Energy=2.795e+10: , dma_maxbytes=256Energy=2.795e+10: , dataflow=FIXEDEnergy=2.795e+10: , dtype=int8
2023-05-08 09:50:40,539 [__main__] (MainProcess) INFO: x=18Energy=2.795e+10: , y=17Energy=2.795e+10: , sp_banks=5Energy=2.795e+10: , sp_capacity=256Energy=2.795e+10: , local_capacity=128Energy=2.795e+10: , dma_buswidth=128Energy=2.795e+10: , dma_maxbytes=256Energy=2.795e+10: , dataflow=FIXEDEnergy=2.795e+10: , dtype=int8
2023-05-08 09:50:40,539 [__main__] (MainProcess) INFO: x=18Energy=2.795e+10: , y=17Energy=2.795e+10: , sp_banks=5Energy=2.795e+10: , sp_capacity=256Energy=2.795e+10: , local_capacity=128Energy=2.795e+10: , dma_buswidth=128Energy=2.795e+10: , dma_maxbytes=256Energy=2.795e+10: , dataflow=FIXEDEnergy=2.795e+10: , dtype=int8
2023-05-08 09:50:40,539 [__main__] (MainProcess) INFO: x=18Energy=2.795e+10: , y=17Energy=2.795e+10: , sp_banks=5Energy=2.795e+10: , sp_capacity=256Energy=2.795e+10: , local_capacity=128Energy=2.795e+10: , dma_buswidth=128Energy=2.795e+10: , dma_maxbytes=256Energy=2.795e+10: , dataflow=FIXEDEnergy=2.795e+10: , dtype=int8
2023-05-08 09:50:40,539 [__main__] (MainProcess) INFO: x=18Energy=2.795e+10: , y=17Energy=2.795e+10: , sp_banks=5Energy=2.795e+10: , sp_capacity=256Energy=2.795e+10: , local_capacity=128Energy=2.795e+10: , dma_buswidth=128Energy=2.795e+10: , dma_maxbytes=256Energy=2.795e+10: , dataflow=FIXEDEnergy=2.795e+10: , dtype=int8
2023-05-08 09:50:40,539 [__main__] (MainProcess) INFO: x=18Energy=2.795e+10: , y=17Energy=2.795e+10: , sp_banks=5Energy=2.795e+10: , sp_capacity=256Energy=2.795e+10: , local_capacity=128Energy=2.795e+10: , dma_buswidth=128Energy=2.795e+10: , dma_maxbytes=256Energy=2.795e+10: , dataflow=FIXEDEnergy=2.795e+10: , dtype=int8
2023-05-08 09:50:40,539 [__main__] (MainProcess) INFO: x=18Energy=2.795e+10: , y=17Energy=2.795e+10: , sp_banks=5Energy=2.795e+10: , sp_capacity=256Energy=2.795e+10: , local_capacity=128Energy=2.795e+10: , dma_buswidth=128Energy=2.795e+10: , dma_maxbytes=256Energy=2.795e+10: , dataflow=FIXEDEnergy=2.795e+10: , dtype=int8
2023-05-08 09:50:40,539 [__main__] (MainProcess) INFO: x=18Energy=2.795e+10: , y=17Energy=2.795e+10: , sp_banks=5Energy=2.795e+10: , sp_capacity=256Energy=2.795e+10: , local_capacity=128Energy=2.795e+10: , dma_buswidth=128Energy=2.795e+10: , dma_maxbytes=256Energy=2.795e+10: , dataflow=FIXEDEnergy=2.795e+10: , dtype=int8
2023-05-08 09:50:40,539 [__main__] (MainProcess) INFO: x=18Energy=2.795e+10: , y=17Energy=2.795e+10: , sp_banks=5Energy=2.795e+10: , sp_capacity=256Energy=2.795e+10: , local_capacity=128Energy=2.795e+10: , dma_buswidth=128Energy=2.795e+10: , dma_maxbytes=256Energy=2.795e+10: , dataflow=FIXEDEnergy=2.795e+10: , dtype=int8
2023-05-08 09:50:40,539 [__main__] (MainProcess) INFO: x=18Energy=2.795e+10: , y=17Energy=2.795e+10: , sp_banks=5Energy=2.795e+10: , sp_capacity=256Energy=2.795e+10: , local_capacity=128Energy=2.795e+10: , dma_buswidth=128Energy=2.795e+10: , dma_maxbytes=256Energy=2.795e+10: , dataflow=FIXEDEnergy=2.795e+10: , dtype=int8
2023-05-08 09:50:40,539 [__main__] (MainProcess) INFO: x=18Energy=2.795e+10: , y=17Energy=2.795e+10: , sp_banks=5Energy=2.795e+10: , sp_capacity=256Energy=2.795e+10: , local_capacity=128Energy=2.795e+10: , dma_buswidth=128Energy=2.795e+10: , dma_maxbytes=256Energy=2.795e+10: , dataflow=FIXEDEnergy=2.795e+10: , dtype=int8
2023-05-08 09:50:40,540 [__main__] (MainProcess) INFO: x=18Energy=2.795e+10: , y=17Energy=2.795e+10: , sp_banks=5Energy=2.795e+10: , sp_capacity=256Energy=2.795e+10: , local_capacity=128Energy=2.795e+10: , dma_buswidth=128Energy=2.795e+10: , dma_maxbytes=256Energy=2.795e+10: , dataflow=FIXEDEnergy=2.795e+10: , dtype=int8
2023-05-08 09:50:40,540 [__main__] (MainProcess) INFO: x=18Energy=2.795e+10: , y=17Energy=2.795e+10: , sp_banks=5Energy=2.795e+10: , sp_capacity=256Energy=2.795e+10: , local_capacity=128Energy=2.795e+10: , dma_buswidth=128Energy=2.795e+10: , dma_maxbytes=256Energy=2.795e+10: , dataflow=FIXEDEnergy=2.795e+10: , dtype=int8
2023-05-08 09:50:40,540 [__main__] (MainProcess) INFO: x=21Energy=2.775e+10: , y=27Energy=2.775e+10: , sp_banks=5Energy=2.775e+10: , sp_capacity=1024Energy=2.775e+10: , local_capacity=128Energy=2.775e+10: , dma_buswidth=64Energy=2.775e+10: , dma_maxbytes=256Energy=2.775e+10: , dataflow=FIXEDEnergy=2.775e+10: , dtype=int8
2023-05-08 09:50:40,540 [__main__] (MainProcess) INFO: x=21Energy=2.775e+10: , y=27Energy=2.775e+10: , sp_banks=5Energy=2.775e+10: , sp_capacity=1024Energy=2.775e+10: , local_capacity=128Energy=2.775e+10: , dma_buswidth=64Energy=2.775e+10: , dma_maxbytes=256Energy=2.775e+10: , dataflow=FIXEDEnergy=2.775e+10: , dtype=int8
2023-05-08 09:50:40,540 [__main__] (MainProcess) INFO: x=21Energy=2.775e+10: , y=27Energy=2.775e+10: , sp_banks=5Energy=2.775e+10: , sp_capacity=1024Energy=2.775e+10: , local_capacity=128Energy=2.775e+10: , dma_buswidth=64Energy=2.775e+10: , dma_maxbytes=256Energy=2.775e+10: , dataflow=FIXEDEnergy=2.775e+10: , dtype=int8
2023-05-08 09:50:40,540 [__main__] (MainProcess) INFO: x=21Energy=2.775e+10: , y=27Energy=2.775e+10: , sp_banks=5Energy=2.775e+10: , sp_capacity=1024Energy=2.775e+10: , local_capacity=128Energy=2.775e+10: , dma_buswidth=64Energy=2.775e+10: , dma_maxbytes=256Energy=2.775e+10: , dataflow=FIXEDEnergy=2.775e+10: , dtype=int8
2023-05-08 09:50:40,540 [__main__] (MainProcess) INFO: Max 2.796e+10 (20_28_6_256_256_128_64_FIXED_int8)
2023-05-08 09:50:40,540 [__main__] (MainProcess) INFO: Min 2.775e+10 (21_27_5_1024_128_64_256_FIXED_int8)
2023-05-08 09:50:40,540 [__main__] (MainProcess) INFO: *--------------------------------------------------*
2023-05-08 09:50:40,540 [__main__] (MainProcess) INFO: Optimal results for Area
2023-05-08 09:50:40,540 [__main__] (MainProcess) INFO: x=7Area=7.709e+07: , y=21Area=7.709e+07: , sp_banks=8Area=7.709e+07: , sp_capacity=256Area=7.709e+07: , local_capacity=128Area=7.709e+07: , dma_buswidth=128Area=7.709e+07: , dma_maxbytes=64Area=7.709e+07: , dataflow=FIXEDArea=7.709e+07: , dtype=int8
2023-05-08 09:50:40,540 [__main__] (MainProcess) INFO: x=7Area=7.709e+07: , y=21Area=7.709e+07: , sp_banks=8Area=7.709e+07: , sp_capacity=256Area=7.709e+07: , local_capacity=128Area=7.709e+07: , dma_buswidth=128Area=7.709e+07: , dma_maxbytes=64Area=7.709e+07: , dataflow=FIXEDArea=7.709e+07: , dtype=int8
2023-05-08 09:50:40,540 [__main__] (MainProcess) INFO: x=7Area=7.709e+07: , y=21Area=7.709e+07: , sp_banks=8Area=7.709e+07: , sp_capacity=256Area=7.709e+07: , local_capacity=128Area=7.709e+07: , dma_buswidth=128Area=7.709e+07: , dma_maxbytes=64Area=7.709e+07: , dataflow=FIXEDArea=7.709e+07: , dtype=int8
2023-05-08 09:50:40,540 [__main__] (MainProcess) INFO: x=7Area=7.709e+07: , y=21Area=7.709e+07: , sp_banks=8Area=7.709e+07: , sp_capacity=256Area=7.709e+07: , local_capacity=128Area=7.709e+07: , dma_buswidth=128Area=7.709e+07: , dma_maxbytes=64Area=7.709e+07: , dataflow=FIXEDArea=7.709e+07: , dtype=int8
2023-05-08 09:50:40,540 [__main__] (MainProcess) INFO: x=7Area=7.709e+07: , y=21Area=7.709e+07: , sp_banks=8Area=7.709e+07: , sp_capacity=256Area=7.709e+07: , local_capacity=128Area=7.709e+07: , dma_buswidth=128Area=7.709e+07: , dma_maxbytes=64Area=7.709e+07: , dataflow=FIXEDArea=7.709e+07: , dtype=int8
2023-05-08 09:50:40,540 [__main__] (MainProcess) INFO: x=16Area=4.888e+07: , y=7Area=4.888e+07: , sp_banks=7Area=4.888e+07: , sp_capacity=512Area=4.888e+07: , local_capacity=512Area=4.888e+07: , dma_buswidth=64Area=4.888e+07: , dma_maxbytes=64Area=4.888e+07: , dataflow=FIXEDArea=4.888e+07: , dtype=int8
2023-05-08 09:50:40,540 [__main__] (MainProcess) INFO: x=16Area=4.888e+07: , y=7Area=4.888e+07: , sp_banks=7Area=4.888e+07: , sp_capacity=512Area=4.888e+07: , local_capacity=512Area=4.888e+07: , dma_buswidth=64Area=4.888e+07: , dma_maxbytes=64Area=4.888e+07: , dataflow=FIXEDArea=4.888e+07: , dtype=int8
2023-05-08 09:50:40,540 [__main__] (MainProcess) INFO: x=16Area=4.888e+07: , y=7Area=4.888e+07: , sp_banks=7Area=4.888e+07: , sp_capacity=512Area=4.888e+07: , local_capacity=512Area=4.888e+07: , dma_buswidth=64Area=4.888e+07: , dma_maxbytes=64Area=4.888e+07: , dataflow=FIXEDArea=4.888e+07: , dtype=int8
2023-05-08 09:50:40,540 [__main__] (MainProcess) INFO: x=16Area=4.888e+07: , y=7Area=4.888e+07: , sp_banks=7Area=4.888e+07: , sp_capacity=512Area=4.888e+07: , local_capacity=512Area=4.888e+07: , dma_buswidth=64Area=4.888e+07: , dma_maxbytes=64Area=4.888e+07: , dataflow=FIXEDArea=4.888e+07: , dtype=int8
2023-05-08 09:50:40,540 [__main__] (MainProcess) INFO: x=16Area=4.888e+07: , y=7Area=4.888e+07: , sp_banks=7Area=4.888e+07: , sp_capacity=512Area=4.888e+07: , local_capacity=512Area=4.888e+07: , dma_buswidth=64Area=4.888e+07: , dma_maxbytes=64Area=4.888e+07: , dataflow=FIXEDArea=4.888e+07: , dtype=int8
2023-05-08 09:50:40,540 [__main__] (MainProcess) INFO: x=16Area=4.888e+07: , y=7Area=4.888e+07: , sp_banks=7Area=4.888e+07: , sp_capacity=512Area=4.888e+07: , local_capacity=512Area=4.888e+07: , dma_buswidth=64Area=4.888e+07: , dma_maxbytes=64Area=4.888e+07: , dataflow=FIXEDArea=4.888e+07: , dtype=int8
2023-05-08 09:50:40,540 [__main__] (MainProcess) INFO: x=16Area=4.888e+07: , y=7Area=4.888e+07: , sp_banks=7Area=4.888e+07: , sp_capacity=512Area=4.888e+07: , local_capacity=512Area=4.888e+07: , dma_buswidth=64Area=4.888e+07: , dma_maxbytes=64Area=4.888e+07: , dataflow=FIXEDArea=4.888e+07: , dtype=int8
2023-05-08 09:50:40,540 [__main__] (MainProcess) INFO: x=7Area=1.543e+07: , y=7Area=1.543e+07: , sp_banks=7Area=1.543e+07: , sp_capacity=1024Area=1.543e+07: , local_capacity=256Area=1.543e+07: , dma_buswidth=128Area=1.543e+07: , dma_maxbytes=64Area=1.543e+07: , dataflow=FIXEDArea=1.543e+07: , dtype=int8
2023-05-08 09:50:40,540 [__main__] (MainProcess) INFO: x=7Area=1.543e+07: , y=7Area=1.543e+07: , sp_banks=7Area=1.543e+07: , sp_capacity=1024Area=1.543e+07: , local_capacity=256Area=1.543e+07: , dma_buswidth=128Area=1.543e+07: , dma_maxbytes=64Area=1.543e+07: , dataflow=FIXEDArea=1.543e+07: , dtype=int8
2023-05-08 09:50:40,540 [__main__] (MainProcess) INFO: x=7Area=1.543e+07: , y=7Area=1.543e+07: , sp_banks=7Area=1.543e+07: , sp_capacity=1024Area=1.543e+07: , local_capacity=256Area=1.543e+07: , dma_buswidth=128Area=1.543e+07: , dma_maxbytes=64Area=1.543e+07: , dataflow=FIXEDArea=1.543e+07: , dtype=int8
2023-05-08 09:50:40,540 [__main__] (MainProcess) INFO: x=7Area=1.543e+07: , y=7Area=1.543e+07: , sp_banks=7Area=1.543e+07: , sp_capacity=1024Area=1.543e+07: , local_capacity=256Area=1.543e+07: , dma_buswidth=128Area=1.543e+07: , dma_maxbytes=64Area=1.543e+07: , dataflow=FIXEDArea=1.543e+07: , dtype=int8
2023-05-08 09:50:40,540 [__main__] (MainProcess) INFO: x=7Area=1.543e+07: , y=7Area=1.543e+07: , sp_banks=7Area=1.543e+07: , sp_capacity=1024Area=1.543e+07: , local_capacity=256Area=1.543e+07: , dma_buswidth=128Area=1.543e+07: , dma_maxbytes=64Area=1.543e+07: , dataflow=FIXEDArea=1.543e+07: , dtype=int8
2023-05-08 09:50:40,541 [__main__] (MainProcess) INFO: x=7Area=1.543e+07: , y=7Area=1.543e+07: , sp_banks=7Area=1.543e+07: , sp_capacity=1024Area=1.543e+07: , local_capacity=256Area=1.543e+07: , dma_buswidth=128Area=1.543e+07: , dma_maxbytes=64Area=1.543e+07: , dataflow=FIXEDArea=1.543e+07: , dtype=int8
2023-05-08 09:50:40,541 [__main__] (MainProcess) INFO: x=7Area=1.543e+07: , y=7Area=1.543e+07: , sp_banks=7Area=1.543e+07: , sp_capacity=1024Area=1.543e+07: , local_capacity=256Area=1.543e+07: , dma_buswidth=128Area=1.543e+07: , dma_maxbytes=64Area=1.543e+07: , dataflow=FIXEDArea=1.543e+07: , dtype=int8
2023-05-08 09:50:40,541 [__main__] (MainProcess) INFO: x=7Area=1.543e+07: , y=7Area=1.543e+07: , sp_banks=7Area=1.543e+07: , sp_capacity=1024Area=1.543e+07: , local_capacity=256Area=1.543e+07: , dma_buswidth=128Area=1.543e+07: , dma_maxbytes=64Area=1.543e+07: , dataflow=FIXEDArea=1.543e+07: , dtype=int8
2023-05-08 09:50:40,541 [__main__] (MainProcess) INFO: Max 7.709e+07 (7_21_8_256_128_128_64_FIXED_int8)
2023-05-08 09:50:40,541 [__main__] (MainProcess) INFO: Min 1.543e+07 (7_7_7_1024_256_128_64_FIXED_int8)
2023-05-08 09:50:40,541 [__main__] (MainProcess) INFO: *--------------------------------------------------*
